Compilación iniciada a las 24-03-2019 14:21:13.
     1>Proyecto "C:\Users\rikir\Desktop\super josexi world 2\AddmusicK Source Code\AMMBatch\AMMBatch.vcxproj" en el nodo 4 (Build destinos).
     1>InitializeBuildStatus:
         Aplicando tarea Touch a "Debug\AMMBatch.tlog\unsuccessfulbuild".
       ClCompile:
         C:\Program Files (x86)\Microsoft Visual Studio\2017\Community\VC\Tools\MSVC\14.16.27023\bin\HostX86\x86\CL.exe /c /ZI /JMC /nologo /W3 /WX- /diagnostics:classic /Od /Oy- /D WIN32 /D _DEBUG /D _CONSOLE /D _UNICODE /D UNICODE /Gm- /EHsc /RTC1 /MDd /GS /fp:precise /Zc:wchar_t /Zc:forScope /Zc:inline /Fo"Debug\\" /Fd"Debug\vc141.pdb" /Gd /TP /analyze- /FC /errorReport:prompt AMMBatch.cpp stdafx.cpp
         AMMBatch.cpp
         stdafx.cpp
         Generando código...
       Link:
         C:\Program Files (x86)\Microsoft Visual Studio\2017\Community\VC\Tools\MSVC\14.16.27023\bin\HostX86\x86\link.exe /ERRORREPORT:PROMPT /OUT:"C:\Users\rikir\Desktop\super josexi world 2\AddmusicK Source Code\Debug\AMMBatch.exe" /INCREMENTAL /NOLOGO kernel32.lib user32.lib gdi32.lib winspool.lib comdlg32.lib advapi32.lib shell32.lib ole32.lib oleaut32.lib uuid.lib odbc32.lib odbccp32.lib /MANIFEST /MANIFESTUAC:"level='asInvoker' uiAccess='false'" /manifest:embed /DEBUG:FASTLINK /PDB:"C:\Users\rikir\Desktop\super josexi world 2\AddmusicK Source Code\Debug\AMMBatch.pdb" /SUBSYSTEM:CONSOLE /TLBID:1 /DYNAMICBASE /NXCOMPAT /IMPLIB:"C:\Users\rikir\Desktop\super josexi world 2\AddmusicK Source Code\Debug\AMMBatch.lib" /MACHINE:X86 Debug\AMMBatch.obj
         Debug\stdafx.obj
         AMMBatch.vcxproj -> C:\Users\rikir\Desktop\super josexi world 2\AddmusicK Source Code\Debug\AMMBatch.exe
       FinalizeBuildStatus:
         Se eliminará el archivo "Debug\AMMBatch.tlog\unsuccessfulbuild".
         Aplicando tarea Touch a "Debug\AMMBatch.tlog\AMMBatch.lastbuildstate".
     1>Compilación del proyecto terminada "C:\Users\rikir\Desktop\super josexi world 2\AddmusicK Source Code\AMMBatch\AMMBatch.vcxproj" (Build destinos).

Resumen del rendimiento del proyecto:
     3433 ms C:\Users\rikir\Desktop\super josexi world 2\AddmusicK Source Code\AMMBatch\AMMBatch.vcxproj   1 llamadas
               3433 ms Build                                      1 llamadas

Resumen del rendimiento de destino:
        0 ms AfterResourceCompile                       1 llamadas
        0 ms ComputeLinkSwitches                        1 llamadas
        0 ms PreLinkEvent                               1 llamadas
        0 ms MakeDirsForLink                            1 llamadas
        0 ms PrepareResourceNames                       1 llamadas
        0 ms CreateCustomManifestResourceNames          1 llamadas
        0 ms SplitResourcesByCulture                    1 llamadas
        0 ms ComputeManifestInputsTargets               1 llamadas
        0 ms ComputeLinkInputsFromProject               1 llamadas
        0 ms ComputeCLGeneratedLinkInputs               1 llamadas
        0 ms ComputeCLOutputs                           1 llamadas
        0 ms ComputeCustomBuildOutput                   1 llamadas
        0 ms ComputeManifestGeneratedLinkerInputs       1 llamadas
        0 ms ComputeRCGeneratedLinkInputs               1 llamadas
        0 ms ComputeRCOutputs                           1 llamadas
        0 ms BeforeLink                                 1 llamadas
        0 ms ComputeLegacyManifestEmbedding             1 llamadas
        0 ms BuildLinkTraverse                          1 llamadas
        0 ms BuildCompile                               1 llamadas
        0 ms _BuildCompileAction                        1 llamadas
        0 ms AfterBuildCompileEvent                     1 llamadas
        0 ms _ResourceCompile                           1 llamadas
        0 ms ComputeLinkImportLibraryOutputsForClean    1 llamadas
        0 ms AfterLink                                  1 llamadas
        0 ms _Link                                      1 llamadas
        0 ms _ALink                                     1 llamadas
        0 ms AfterBuild                                 1 llamadas
        0 ms BuildLink                                  1 llamadas
        0 ms _BuildLinkAction                           1 llamadas
        0 ms PostBuildEvent                             1 llamadas
        0 ms PrepareForRun                              1 llamadas
        0 ms _CheckForCompileOutputs                    1 llamadas
        0 ms _CopySourceItemsToOutputDirectory          1 llamadas
        0 ms GetCopyToOutputDirectoryItems              1 llamadas
        0 ms GetCopyToOutputDirectoryXamlAppDefs        1 llamadas
        0 ms _Deploy                                    1 llamadas
        0 ms FinalizeBuildStatus                        1 llamadas
        0 ms _Appverifier                               1 llamadas
        0 ms _GenerateSatelliteAssemblyInputs           1 llamadas
        0 ms _BscMake                                   1 llamadas
        0 ms MakeDirsForBscMake                         1 llamadas
        0 ms ComputeCLCompileGeneratedSbrFiles          1 llamadas
        0 ms _XdcMake                                   1 llamadas
        0 ms MakeDirsForXdcMake                         1 llamadas
        0 ms ComputeCLCompileGeneratedXDCFiles          1 llamadas
        0 ms ResolvedXDCMake                            1 llamadas
        0 ms RegisterOutput                             1 llamadas
        0 ms _Manifest                                  1 llamadas
        0 ms CreateSatelliteAssemblies                  1 llamadas
        0 ms BeforeResourceCompile                      1 llamadas
        0 ms Build                                      1 llamadas
        0 ms AfterClCompile                             1 llamadas
        0 ms PreBuildEvent                              1 llamadas
        0 ms _ClCompile                                 1 llamadas
        0 ms BuildGenerateSourcesTraverse               1 llamadas
        0 ms ResolveReferences                          1 llamadas
        0 ms AfterResolveReferences                     1 llamadas
        0 ms ExpandSDKReferences                        1 llamadas
        0 ms ResolveSDKReferences                       1 llamadas
        0 ms SetCABuildNativeEnvironmentVariables       1 llamadas
        0 ms _SelectedFiles                             1 llamadas
        0 ms PlatformPrepareForBuild                    1 llamadas
        0 ms SetBuildDefaultEnvironmentVariables        1 llamadas
        0 ms GetReferenceAssemblyPaths                  1 llamadas
        0 ms PrepareProjectReferences                   1 llamadas
        0 ms _SplitProjectReferencesByFileExistence     1 llamadas
        0 ms AssignProjectConfiguration                 1 llamadas
        0 ms BeforeResolveReferences                    1 llamadas
        0 ms _PrepareForReferenceResolution             1 llamadas
        0 ms _PrepareForBuild                           1 llamadas
        0 ms GetResolvedWinMD                           1 llamadas
        0 ms _Xsd                                       1 llamadas
        0 ms BeforeBuildGenerateSources                 1 llamadas
        0 ms _BuildGenerateSourcesAction                1 llamadas
        0 ms BeforeClCompile                            1 llamadas
        0 ms BuildGenerateSources                       1 llamadas
        0 ms FixupCLCompileOptions                      1 llamadas
        0 ms SelectCustomBuild                          1 llamadas
        0 ms ComputeCLInputPDBName                      1 llamadas
        0 ms AfterBuildGenerateSourcesEvent             1 llamadas
        0 ms BuildCompileTraverse                       1 llamadas
        0 ms AfterBuildGenerateSources                  1 llamadas
        0 ms _Midl                                      1 llamadas
        0 ms AfterMidl                                  1 llamadas
        0 ms ComputeReferenceCLInput                    1 llamadas
        0 ms ComputeMIDLGeneratedCompileInputs          1 llamadas
        0 ms WarnCompileDuplicatedFilename              1 llamadas
        0 ms SelectClCompile                            1 llamadas
        0 ms MakeDirsForMidl                            1 llamadas
        4 ms MakeDirsForResourceCompile                 1 llamadas
        4 ms _GetProjectReferenceTargetFrameworkProperties   1 llamadas
        4 ms GetFrameworkPaths                          1 llamadas
        4 ms MakeDirsForCl                              1 llamadas
        4 ms DoLinkOutputFilesMatch                     1 llamadas
        4 ms ResolveAssemblyReferences                  1 llamadas
        4 ms CopyFilesToOutputDirectory                 1 llamadas
        4 ms _CheckWindowsSDKInstalled                  1 llamadas
        4 ms AssignTargetPaths                          1 llamadas
        8 ms CopyFileToFolders                          1 llamadas
       12 ms InitializeBuildStatus                      1 llamadas
       12 ms _CheckForInvalidConfigurationAndPlatform   1 llamadas
       12 ms SetTelemetryEnvironmentVariables           1 llamadas
       24 ms _HandlePackageFileConflicts                1 llamadas
       24 ms ResolveProjectReferences                   1 llamadas
       44 ms PrepareForBuild                            1 llamadas
     1088 ms ClCompile                                  1 llamadas
     2161 ms Link                                       1 llamadas

Compilación correcta.
    0 Advertencia(s)
    0 Errores

Tiempo transcurrido 00:00:03.42
