Compilación iniciada a las 24-03-2019 14:37:15.
     1>Proyecto "C:\Users\rikir\Desktop\super josexi world 2\AddmusicK Source Code\AM4Batch\AM4Batch.vcxproj" en el nodo 3 (Build destinos).
     1>InitializeBuildStatus:
         Aplicando tarea Touch a "Debug\AM4Batch.tlog\unsuccessfulbuild".
       ClCompile:
         Todas las salidas están actualizadas.
       Link:
         Todas las salidas están actualizadas.
         AM4Batch.vcxproj -> C:\Users\rikir\Desktop\super josexi world 2\AddmusicK Source Code\Debug\AM4Batch.exe
       FinalizeBuildStatus:
         Se eliminará el archivo "Debug\AM4Batch.tlog\unsuccessfulbuild".
         Aplicando tarea Touch a "Debug\AM4Batch.tlog\AM4Batch.lastbuildstate".
     1>Compilación del proyecto terminada "C:\Users\rikir\Desktop\super josexi world 2\AddmusicK Source Code\AM4Batch\AM4Batch.vcxproj" (Build destinos).

Resumen del rendimiento del proyecto:
      248 ms C:\Users\rikir\Desktop\super josexi world 2\AddmusicK Source Code\AM4Batch\AM4Batch.vcxproj   1 llamadas
                248 ms Build                                      1 llamadas

Resumen del rendimiento de destino:
        0 ms Build                                      1 llamadas
        0 ms _ClCompile                                 1 llamadas
        0 ms AfterClCompile                             1 llamadas
        0 ms _ALink                                     1 llamadas
        0 ms SelectClCompile                            1 llamadas
        0 ms SelectCustomBuild                          1 llamadas
        0 ms _Manifest                                  1 llamadas
        0 ms BeforeResourceCompile                      1 llamadas
        0 ms FixupCLCompileOptions                      1 llamadas
        0 ms ComputeReferenceCLInput                    1 llamadas
        0 ms ComputeCLInputPDBName                      1 llamadas
        0 ms BeforeClCompile                            1 llamadas
        0 ms MakeDirsForXdcMake                         1 llamadas
        0 ms BuildGenerateSources                       1 llamadas
        0 ms _BuildGenerateSourcesAction                1 llamadas
        0 ms ResolvedXDCMake                            1 llamadas
        0 ms AfterBuildGenerateSourcesEvent             1 llamadas
        0 ms _Link                                      1 llamadas
        0 ms _ResourceCompile                           1 llamadas
        0 ms DoLinkOutputFilesMatch                     1 llamadas
        0 ms ComputeLinkInputsFromProject               1 llamadas
        0 ms ComputeCLGeneratedLinkInputs               1 llamadas
        0 ms PreLinkEvent                               1 llamadas
        0 ms ComputeCustomBuildOutput                   1 llamadas
        0 ms ComputeManifestGeneratedLinkerInputs       1 llamadas
        0 ms AfterResourceCompile                       1 llamadas
        0 ms ComputeRCGeneratedLinkInputs               1 llamadas
        0 ms BeforeLink                                 1 llamadas
        0 ms AfterLink                                  1 llamadas
        0 ms BuildLinkTraverse                          1 llamadas
        0 ms BuildCompile                               1 llamadas
        0 ms _BuildCompileAction                        1 llamadas
        0 ms AfterBuildCompileEvent                     1 llamadas
        0 ms ComputeRCOutputs                           1 llamadas
        0 ms PrepareResourceNames                       1 llamadas
        0 ms AfterBuildGenerateSources                  1 llamadas
        0 ms AfterMidl                                  1 llamadas
        0 ms _Deploy                                    1 llamadas
        0 ms GetResolvedWinMD                           1 llamadas
        0 ms GetCopyToOutputDirectoryXamlAppDefs        1 llamadas
        0 ms _CopySourceItemsToOutputDirectory          1 llamadas
        0 ms GetFrameworkPaths                          1 llamadas
        0 ms _CheckForCompileOutputs                    1 llamadas
        0 ms _Appverifier                               1 llamadas
        0 ms PrepareProjectReferences                   1 llamadas
        0 ms _SplitProjectReferencesByFileExistence     1 llamadas
        0 ms PostBuildEvent                             1 llamadas
        0 ms BeforeResolveReferences                    1 llamadas
        0 ms _BuildLinkAction                           1 llamadas
        0 ms BuildLink                                  1 llamadas
        0 ms AfterBuild                                 1 llamadas
        0 ms PrepareForRun                              1 llamadas
        0 ms _Midl                                      1 llamadas
        0 ms SetCABuildNativeEnvironmentVariables       1 llamadas
        0 ms BeforeBuildGenerateSources                 1 llamadas
        0 ms ComputeMIDLGeneratedCompileInputs          1 llamadas
        0 ms MakeDirsForMidl                            1 llamadas
        0 ms _Xsd                                       1 llamadas
        0 ms _XdcMake                                   1 llamadas
        0 ms _SelectedFiles                             1 llamadas
        0 ms PreBuildEvent                              1 llamadas
        0 ms CreateSatelliteAssemblies                  1 llamadas
        0 ms CreateCustomManifestResourceNames          1 llamadas
        0 ms ComputeCLCompileGeneratedSbrFiles          1 llamadas
        0 ms ResolveReferences                          1 llamadas
        0 ms AfterResolveReferences                     1 llamadas
        0 ms MakeDirsForBscMake                         1 llamadas
        0 ms _BscMake                                   1 llamadas
        0 ms ExpandSDKReferences                        1 llamadas
        0 ms BuildGenerateSourcesTraverse               1 llamadas
        0 ms ComputeManifestInputsTargets               1 llamadas
        1 ms ResolveSDKReferences                       1 llamadas
        1 ms MakeDirsForResourceCompile                 1 llamadas
        1 ms ResolveAssemblyReferences                  1 llamadas
        1 ms _PrepareForBuild                           1 llamadas
        1 ms ComputeCLCompileGeneratedXDCFiles          1 llamadas
        1 ms CopyFilesToOutputDirectory                 1 llamadas
        1 ms GetReferenceAssemblyPaths                  1 llamadas
        1 ms PlatformPrepareForBuild                    1 llamadas
        1 ms SplitResourcesByCulture                    1 llamadas
        1 ms _PrepareForReferenceResolution             1 llamadas
        1 ms _GenerateSatelliteAssemblyInputs           1 llamadas
        1 ms SetBuildDefaultEnvironmentVariables        1 llamadas
        1 ms MakeDirsForLink                            1 llamadas
        1 ms ComputeLegacyManifestEmbedding             1 llamadas
        1 ms ComputeCLOutputs                           1 llamadas
        1 ms WarnCompileDuplicatedFilename              1 llamadas
        1 ms BuildCompileTraverse                       1 llamadas
        1 ms MakeDirsForCl                              1 llamadas
        1 ms ComputeLinkSwitches                        1 llamadas
        1 ms GetCopyToOutputDirectoryItems              1 llamadas
        1 ms _CheckWindowsSDKInstalled                  1 llamadas
        2 ms AssignTargetPaths                          1 llamadas
        2 ms AssignProjectConfiguration                 1 llamadas
        2 ms FinalizeBuildStatus                        1 llamadas
        2 ms _GetProjectReferenceTargetFrameworkProperties   1 llamadas
        6 ms CopyFileToFolders                          1 llamadas
        9 ms SetTelemetryEnvironmentVariables           1 llamadas
        9 ms InitializeBuildStatus                      1 llamadas
       12 ms _CheckForInvalidConfigurationAndPlatform   1 llamadas
       22 ms _HandlePackageFileConflicts                1 llamadas
       26 ms ResolveProjectReferences                   1 llamadas
       33 ms Link                                       1 llamadas
       33 ms PrepareForBuild                            1 llamadas
       64 ms ClCompile                                  1 llamadas

Compilación correcta.
    0 Advertencia(s)
    0 Errores

Tiempo transcurrido 00:00:00.24
