Compilación iniciada a las 24-03-2019 20:03:07.
     1>Proyecto "C:\Users\rikir\Desktop\super josexi world 2\AddmusicK Source Code\AM405Remover\AM405Remover.vcxproj" en el nodo 2 (Build destinos).
     1>InitializeBuildStatus:
         Aplicando tarea Touch a "Debug\AM405Remover.tlog\unsuccessfulbuild".
       ClCompile:
         Todas las salidas están actualizadas.
       Lib:
         C:\Program Files (x86)\Microsoft Visual Studio\2017\Community\VC\Tools\MSVC\14.16.27023\bin\HostX86\x86\Lib.exe /OUT:"C:\Users\rikir\Desktop\super josexi world 2\AddmusicK Source Code\Debug\AM405Remover.lib" /NOLOGO Debug\AddMusic.obj
         Debug\class_int.obj
         Debug\class_string.obj
         Debug\stdafx.obj
         AM405Remover.vcxproj -> C:\Users\rikir\Desktop\super josexi world 2\AddmusicK Source Code\Debug\AM405Remover.lib
       CopyFilesToOutputDirectory:
         Copiando el archivo de "Debug\AM405Remover.pdb" en "C:\Users\rikir\Desktop\super josexi world 2\AddmusicK Source Code\Debug\AM405Remover.pdb".
       FinalizeBuildStatus:
         Se eliminará el archivo "Debug\AM405Remover.tlog\unsuccessfulbuild".
         Aplicando tarea Touch a "Debug\AM405Remover.tlog\AM405Remover.lastbuildstate".
     1>Compilación del proyecto terminada "C:\Users\rikir\Desktop\super josexi world 2\AddmusicK Source Code\AM405Remover\AM405Remover.vcxproj" (Build destinos).

Resumen del rendimiento del proyecto:
      989 ms C:\Users\rikir\Desktop\super josexi world 2\AddmusicK Source Code\AM405Remover\AM405Remover.vcxproj   1 llamadas
                989 ms Build                                      1 llamadas

Resumen del rendimiento de destino:
        0 ms _ClCompile                                 1 llamadas
        0 ms BuildCompile                               1 llamadas
        0 ms _BuildCompileAction                        1 llamadas
        0 ms AfterBuildCompileEvent                     1 llamadas
        0 ms _Lib                                       1 llamadas
        0 ms AfterLib                                   1 llamadas
        0 ms PreLinkEvent                               1 llamadas
        0 ms MakeDirsForLib                             1 llamadas
        0 ms ComputeLibInputsFromProject                1 llamadas
        0 ms ComputeCLGeneratedLibInputs                1 llamadas
        0 ms ComputeCustomBuildOutput                   1 llamadas
        0 ms ComputeRCGeneratedLibInputs                1 llamadas
        0 ms ComputeRCOutputs                           1 llamadas
        0 ms ComputeLibAdditionalOptions                1 llamadas
        0 ms BeforeLib                                  1 llamadas
        0 ms _ResourceCompile                           1 llamadas
        0 ms AfterResourceCompile                       1 llamadas
        0 ms MakeDirsForResourceCompile                 1 llamadas
        0 ms BeforeResourceCompile                      1 llamadas
        0 ms AfterClCompile                             1 llamadas
        0 ms BuildLinkTraverse                          1 llamadas
        0 ms SelectClCompile                            1 llamadas
        0 ms ComputeLegacyManifestEmbedding             1 llamadas
        0 ms _Manifest                                  1 llamadas
        0 ms AfterBuild                                 1 llamadas
        0 ms _BuildLinkAction                           1 llamadas
        0 ms PostBuildEvent                             1 llamadas
        0 ms PrepareForRun                              1 llamadas
        0 ms _CheckForCompileOutputs                    1 llamadas
        0 ms _CopySourceItemsToOutputDirectory          1 llamadas
        0 ms GetCopyToOutputDirectoryItems              1 llamadas
        0 ms AssignTargetPaths                          1 llamadas
        0 ms _Deploy                                    1 llamadas
        0 ms _Appverifier                               1 llamadas
        0 ms CreateSatelliteAssemblies                  1 llamadas
        0 ms _GenerateSatelliteAssemblyInputs           1 llamadas
        0 ms _BscMake                                   1 llamadas
        0 ms MakeDirsForBscMake                         1 llamadas
        0 ms ComputeCLCompileGeneratedSbrFiles          1 llamadas
        0 ms _XdcMake                                   1 llamadas
        0 ms MakeDirsForXdcMake                         1 llamadas
        0 ms ComputeCLCompileGeneratedXDCFiles          1 llamadas
        0 ms ResolvedXDCMake                            1 llamadas
        0 ms _ALink                                     1 llamadas
        0 ms SelectCustomBuild                          1 llamadas
        0 ms Build                                      1 llamadas
        0 ms FixupCLCompileOptions                      1 llamadas
        0 ms PreBuildEvent                              1 llamadas
        0 ms BeforeBuildGenerateSources                 1 llamadas
        0 ms ResolveReferences                          1 llamadas
        0 ms ExpandSDKReferences                        1 llamadas
        0 ms ResolveSDKReferences                       1 llamadas
        0 ms SetCABuildNativeEnvironmentVariables       1 llamadas
        0 ms _SelectedFiles                             1 llamadas
        0 ms _CheckWindowsSDKInstalled                  1 llamadas
        0 ms GetResolvedWinMD                           1 llamadas
        0 ms GetReferenceAssemblyPaths                  1 llamadas
        0 ms PrepareProjectReferences                   1 llamadas
        0 ms _SplitProjectReferencesByFileExistence     1 llamadas
        0 ms BeforeResolveReferences                    1 llamadas
        0 ms _PrepareForBuild                           1 llamadas
        0 ms PlatformPrepareForBuild                    1 llamadas
        0 ms _Xsd                                       1 llamadas
        0 ms AfterResolveReferences                     1 llamadas
        0 ms BuildCompileTraverse                       1 llamadas
        0 ms BeforeClCompile                            1 llamadas
        0 ms MakeDirsForMidl                            1 llamadas
        0 ms BuildGenerateSources                       1 llamadas
        0 ms _BuildGenerateSourcesAction                1 llamadas
        0 ms AfterBuildGenerateSourcesEvent             1 llamadas
        0 ms AfterBuildGenerateSources                  1 llamadas
        0 ms _Midl                                      1 llamadas
        0 ms ComputeCLInputPDBName                      1 llamadas
        0 ms AfterMidl                                  1 llamadas
        0 ms ComputeMIDLGeneratedCompileInputs          1 llamadas
        1 ms _GetProjectReferenceTargetFrameworkProperties   1 llamadas
        1 ms ComputeCLOutputs                           1 llamadas
        1 ms GetFrameworkPaths                          1 llamadas
        1 ms BuildGenerateSourcesTraverse               1 llamadas
        1 ms BuildLink                                  1 llamadas
        1 ms MakeDirsForCl                              1 llamadas
        1 ms RegisterOutput                             1 llamadas
        1 ms _PrepareForReferenceResolution             1 llamadas
        1 ms ComputeReferenceCLInput                    1 llamadas
        1 ms WarnCompileDuplicatedFilename              1 llamadas
        1 ms GetCopyToOutputDirectoryXamlAppDefs        1 llamadas
        1 ms DoLibOutputFilesMatch                      1 llamadas
        1 ms SetBuildDefaultEnvironmentVariables        1 llamadas
        1 ms FinalizeBuildStatus                        1 llamadas
        1 ms ResolveAssemblyReferences                  1 llamadas
        1 ms AssignProjectConfiguration                 1 llamadas
        6 ms CopyFileToFolders                          1 llamadas
        6 ms SetTelemetryEnvironmentVariables           1 llamadas
        6 ms InitializeBuildStatus                      1 llamadas
        8 ms _CheckForInvalidConfigurationAndPlatform   1 llamadas
       13 ms ResolveProjectReferences                   1 llamadas
       16 ms _HandlePackageFileConflicts                1 llamadas
       21 ms PrepareForBuild                            1 llamadas
       84 ms ClCompile                                  1 llamadas
      120 ms CopyFilesToOutputDirectory                 1 llamadas
      691 ms Lib                                        1 llamadas

Compilación correcta.
    0 Advertencia(s)
    0 Errores

Tiempo transcurrido 00:00:00.98
