Compilación iniciada a las 24-03-2019 19:48:19.
     1>Proyecto "C:\Users\rikir\Desktop\super josexi world 2\AddmusicK Source Code\AddmusicK\AddmusicK.vcxproj" en el nodo 2 (Build destinos).
     1>C:\Program Files (x86)\Microsoft Visual Studio\2017\Community\Common7\IDE\VC\VCTargets\Platforms\Win32\PlatformToolsets\v141_xp\Toolset.targets(39,5): warning MSB8051: Windows XP como opción de destino está en desuso y no se incluirá en las próximas versiones de Visual Studio. Consulte https://go.microsoft.com/fwlink/?linkid=2023588 para obtener más información.
     1>InitializeBuildStatus:
         Se creará "Debug\AddmusicK.tlog\unsuccessfulbuild" porque se especificó "AlwaysCreate".
       ClCompile:
         C:\Program Files (x86)\Microsoft Visual Studio\2017\Community\VC\Tools\MSVC\14.16.27023\bin\HostX86\x86\CL.exe /c /ZI /JMC /nologo /W3 /WX- /diagnostics:classic /Od /Oy- /D WIN32 /D _DEBUG /D _CONSOLE /D _USING_V110_SDK71_ /D _MBCS /GF /Gm /EHsc /RTC1 /MDd /GS /fp:precise /Zc:wchar_t /Zc:forScope /Zc:inline /std:c++17 /Fo"Debug\\" /Fd"Debug\vc141.pdb" /Gd /TP /analyze- /FC /errorReport:prompt /J AddmusicK.cpp
     1>cl : Línea de comandos warning D9035: La opción 'Gm' está desusada y se quitará en próximas versiones
         AddmusicK.cpp
     1>c:\users\rikir\desktop\super josexi world 2\addmusick source code\addmusick\addmusick.cpp(90): warning C4018: '<': no coinciden signed/unsigned
     1>c:\users\rikir\desktop\super josexi world 2\addmusick source code\addmusick\addmusick.cpp(230): warning C4018: '<': no coinciden signed/unsigned
     1>c:\users\rikir\desktop\super josexi world 2\addmusick source code\addmusick\addmusick.cpp(124): warning C4996: 'freopen': This function or variable may be unsafe. Consider using freopen_s instead. To disable deprecation, use _CRT_SECURE_NO_WARNINGS. See online help for details.
         c:\program files (x86)\windows kits\10\include\10.0.10240.0\ucrt\stdio.h(240): note: vea la declaración de 'freopen'
     1>c:\users\rikir\desktop\super josexi world 2\addmusick source code\addmusick\addmusick.cpp(125): warning C4996: 'freopen': This function or variable may be unsafe. Consider using freopen_s instead. To disable deprecation, use _CRT_SECURE_NO_WARNINGS. See online help for details.
         c:\program files (x86)\windows kits\10\include\10.0.10240.0\ucrt\stdio.h(240): note: vea la declaración de 'freopen'
     1>c:\users\rikir\desktop\super josexi world 2\addmusick source code\addmusick\addmusick.cpp(1242): warning C4018: '<': no coinciden signed/unsigned
     1>c:\users\rikir\desktop\super josexi world 2\addmusick source code\addmusick\addmusick.cpp(1399): warning C4102: 'end2': etiqueta sin referencia
     1>c:\users\rikir\desktop\super josexi world 2\addmusick source code\addmusick\addmusick.cpp(1469): warning C4018: '<=': no coinciden signed/unsigned
     1>c:\users\rikir\desktop\super josexi world 2\addmusick source code\addmusick\addmusick.cpp(1583): warning C4996: 'localtime': This function or variable may be unsafe. Consider using localtime_s instead. To disable deprecation, use _CRT_SECURE_NO_WARNINGS. See online help for details.
         c:\program files (x86)\windows kits\10\include\10.0.10240.0\ucrt\time.h(505): note: vea la declaración de 'localtime'
     1>c:\users\rikir\desktop\super josexi world 2\addmusick source code\addmusick\addmusick.cpp(1584): warning C4996: 'strncpy': This function or variable may be unsafe. Consider using strncpy_s instead. To disable deprecation, use _CRT_SECURE_NO_WARNINGS. See online help for details.
         c:\program files (x86)\windows kits\10\include\10.0.10240.0\ucrt\string.h(340): note: vea la declaración de 'strncpy'
     1>c:\users\rikir\desktop\super josexi world 2\addmusick source code\addmusick\addmusick.cpp(1411): warning C4101: 'i': variable local sin referencia
     1>c:\users\rikir\desktop\super josexi world 2\addmusick source code\addmusick\addmusick.cpp(1726): warning C4018: '<': no coinciden signed/unsigned
     1>c:\users\rikir\desktop\super josexi world 2\addmusick source code\addmusick\addmusick.cpp(1738): warning C4267: '=': conversión de 'size_t' a '_Ty'; posible pérdida de datos
                 with
                 [
                     _Ty=uint8_t
                 ]
     1>c:\users\rikir\desktop\super josexi world 2\addmusick source code\addmusick\addmusick.cpp(1741): warning C4267: '=': conversión de 'size_t' a '_Ty'; posible pérdida de datos
                 with
                 [
                     _Ty=uint8_t
                 ]
     1>c:\users\rikir\desktop\super josexi world 2\addmusick source code\addmusick\addmusick.cpp(1744): warning C4267: '=': conversión de 'size_t' a '_Ty'; posible pérdida de datos
                 with
                 [
                     _Ty=uint8_t
                 ]
     1>c:\users\rikir\desktop\super josexi world 2\addmusick source code\addmusick\addmusick.cpp(1938): warning C4996: 'strcpy': This function or variable may be unsafe. Consider using strcpy_s instead. To disable deprecation, use _CRT_SECURE_NO_WARNINGS. See online help for details.
         c:\program files (x86)\windows kits\10\include\10.0.10240.0\ucrt\string.h(119): note: vea la declaración de 'strcpy'
     1>c:\users\rikir\desktop\super josexi world 2\addmusick source code\addmusick\addmusick.cpp(2005): warning C4834: se descarta el valor devuelto de la función con el atributo "nodiscard"
     1>c:\users\rikir\desktop\super josexi world 2\addmusick source code\addmusick\addmusick.cpp(2011): warning C4834: se descarta el valor devuelto de la función con el atributo "nodiscard"
     1>c:\users\rikir\desktop\super josexi world 2\addmusick source code\addmusick\addmusick.cpp(2107): warning C4018: '>=': no coinciden signed/unsigned
       Link:
         C:\Program Files (x86)\Microsoft Visual Studio\2017\Community\VC\Tools\MSVC\14.16.27023\bin\HostX86\x86\link.exe /ERRORREPORT:PROMPT /OUT:"C:\Users\rikir\Desktop\super josexi world 2\AddmusicK Source Code\Debug\AddmusicK.exe" /INCREMENTAL /NOLOGO /LIBPATH:C:\boost\boost_1_55_0\lib\ /LIBPATH:"C:\Users\rikir\Desktop\super josexi world 2\AddmusicK Source Code\Debug\\" AM405Remover.lib kernel32.lib user32.lib gdi32.lib winspool.lib comdlg32.lib advapi32.lib shell32.lib ole32.lib oleaut32.lib uuid.lib odbc32.lib odbccp32.lib /MANIFEST /MANIFESTUAC:"level='asInvoker' uiAccess='false'" /manifest:embed /DEBUG:FASTLINK /PDB:"C:\Users\rikir\Desktop\super josexi world 2\AddmusicK Source Code\Debug\AddmusicK.pdb" /SUBSYSTEM:CONSOLE,"5.01" /TLBID:1 /DYNAMICBASE /NXCOMPAT /IMPLIB:"C:\Users\rikir\Desktop\super josexi world 2\AddmusicK Source Code\Debug\AddmusicK.lib" /MACHINE:X86 Debug\AddmusicK.obj
         Debug\asardll.obj
         Debug\globals.obj
         Debug\lodepng.obj
         Debug\Music.obj
         Debug\SoundEffect.obj
         AddmusicK.vcxproj -> C:\Users\rikir\Desktop\super josexi world 2\AddmusicK Source Code\Debug\AddmusicK.exe
       FinalizeBuildStatus:
         Se eliminará el archivo "Debug\AddmusicK.tlog\unsuccessfulbuild".
         Aplicando tarea Touch a "Debug\AddmusicK.tlog\AddmusicK.lastbuildstate".
     1>Compilación del proyecto terminada "C:\Users\rikir\Desktop\super josexi world 2\AddmusicK Source Code\AddmusicK\AddmusicK.vcxproj" (Build destinos).

Resumen del rendimiento del proyecto:
     3020 ms C:\Users\rikir\Desktop\super josexi world 2\AddmusicK Source Code\AddmusicK\AddmusicK.vcxproj   1 llamadas
               3020 ms Build                                      1 llamadas

Resumen del rendimiento de destino:
        0 ms MakeDirsForResourceCompile                 1 llamadas
        0 ms PreLinkEvent                               1 llamadas
        0 ms MakeDirsForLink                            1 llamadas
        0 ms PrepareResourceNames                       1 llamadas
        0 ms CreateCustomManifestResourceNames          1 llamadas
        0 ms AssignTargetPaths                          1 llamadas
        0 ms ComputeLinkInputsFromProject               1 llamadas
        0 ms ComputeCLGeneratedLinkInputs               1 llamadas
        0 ms ComputeCLOutputs                           1 llamadas
        0 ms ComputeCustomBuildOutput                   1 llamadas
        0 ms ComputeManifestGeneratedLinkerInputs       1 llamadas
        0 ms ComputeRCGeneratedLinkInputs               1 llamadas
        0 ms ComputeRCOutputs                           1 llamadas
        0 ms BeforeLink                                 1 llamadas
        0 ms ComputeLegacyManifestEmbedding             1 llamadas
        0 ms BuildLinkTraverse                          1 llamadas
        0 ms BuildCompile                               1 llamadas
        0 ms _BuildCompileAction                        1 llamadas
        0 ms AfterBuildCompileEvent                     1 llamadas
        0 ms _ResourceCompile                           1 llamadas
        0 ms AfterResourceCompile                       1 llamadas
        0 ms BeforeResourceCompile                      1 llamadas
        0 ms ComputeLinkSwitches                        1 llamadas
        0 ms _ClCompile                                 1 llamadas
        0 ms AfterLink                                  1 llamadas
        0 ms _ALink                                     1 llamadas
        0 ms AfterBuild                                 1 llamadas
        0 ms BuildLink                                  1 llamadas
        0 ms _BuildLinkAction                           1 llamadas
        0 ms PostBuildEvent                             1 llamadas
        0 ms PrepareForRun                              1 llamadas
        0 ms CopyFilesToOutputDirectory                 1 llamadas
        0 ms _CopySourceItemsToOutputDirectory          1 llamadas
        0 ms GetCopyToOutputDirectoryItems              1 llamadas
        0 ms GetCopyToOutputDirectoryXamlAppDefs        1 llamadas
        0 ms _Deploy                                    1 llamadas
        0 ms _Appverifier                               1 llamadas
        0 ms CreateSatelliteAssemblies                  1 llamadas
        0 ms _GenerateSatelliteAssemblyInputs           1 llamadas
        0 ms _BscMake                                   1 llamadas
        0 ms ComputeCLCompileGeneratedSbrFiles          1 llamadas
        0 ms _XdcMake                                   1 llamadas
        0 ms MakeDirsForXdcMake                         1 llamadas
        0 ms ComputeCLCompileGeneratedXDCFiles          1 llamadas
        0 ms ResolvedXDCMake                            1 llamadas
        0 ms RegisterOutput                             1 llamadas
        0 ms _Manifest                                  1 llamadas
        0 ms _Link                                      1 llamadas
        0 ms AfterClCompile                             1 llamadas
        0 ms Build                                      1 llamadas
        0 ms SelectClCompile                            1 llamadas
        0 ms PrepareProjectReferences                   1 llamadas
        0 ms BeforeResolveReferences                    1 llamadas
        0 ms _SelectedFiles                             1 llamadas
        0 ms _SplitProjectReferencesByFileExistence     1 llamadas
        0 ms BeforeBuildGenerateSources                 1 llamadas
        0 ms BuildGenerateSourcesTraverse               1 llamadas
        0 ms GetFrameworkPaths                          1 llamadas
        0 ms GetReferenceAssemblyPaths                  1 llamadas
        0 ms ResolveReferences                          1 llamadas
        0 ms AfterResolveReferences                     1 llamadas
        0 ms GetResolvedWinMD                           1 llamadas
        0 ms ExpandSDKReferences                        1 llamadas
        0 ms ResolveSDKReferences                       1 llamadas
        0 ms _PrepareForReferenceResolution             1 llamadas
        0 ms SetCABuildNativeEnvironmentVariables       1 llamadas
        0 ms PlatformPrepareForBuild                    1 llamadas
        0 ms MakeDirsForMidl                            1 llamadas
        0 ms _Xsd                                       1 llamadas
        0 ms BeforeClCompile                            1 llamadas
        0 ms AfterMidl                                  1 llamadas
        0 ms _Midl                                      1 llamadas
        0 ms AfterBuildGenerateSources                  1 llamadas
        0 ms AfterBuildGenerateSourcesEvent             1 llamadas
        0 ms SelectCustomBuild                          1 llamadas
        0 ms _BuildGenerateSourcesAction                1 llamadas
        0 ms BuildGenerateSources                       1 llamadas
        0 ms BuildCompileTraverse                       1 llamadas
        0 ms ComputeMIDLGeneratedCompileInputs          1 llamadas
        0 ms FixupCLCompileOptions                      1 llamadas
        0 ms ComputeCLInputPDBName                      1 llamadas
        0 ms ComputeReferenceCLInput                    1 llamadas
        1 ms NoSupportCodeAnalysisXP                    1 llamadas
        1 ms _GetProjectReferenceTargetFrameworkProperties   1 llamadas
        1 ms PreBuildEvent                              1 llamadas
        1 ms MakeDirsForBscMake                         1 llamadas
        1 ms _PrepareForBuild                           1 llamadas
        1 ms WarnCompileDuplicatedFilename              1 llamadas
        1 ms FinalizeBuildStatus                        1 llamadas
        1 ms SetBuildDefaultEnvironmentVariables        1 llamadas
        1 ms _CheckForCompileOutputs                    1 llamadas
        1 ms DoLinkOutputFilesMatch                     1 llamadas
        1 ms ComputeManifestInputsTargets               1 llamadas
        1 ms SplitResourcesByCulture                    1 llamadas
        1 ms MakeDirsForCl                              1 llamadas
        1 ms ComputeLinkImportLibraryOutputsForClean    1 llamadas
        1 ms ResolveAssemblyReferences                  1 llamadas
        1 ms AssignProjectConfiguration                 1 llamadas
        4 ms InitializeBuildStatus                      1 llamadas
        4 ms SetTelemetryEnvironmentVariables           1 llamadas
        4 ms CheckWindowsSDK71A                         1 llamadas
        4 ms CopyFileToFolders                          1 llamadas
        7 ms _CheckForInvalidConfigurationAndPlatform   1 llamadas
       13 ms _HandlePackageFileConflicts                1 llamadas
       13 ms ResolveProjectReferences                   1 llamadas
       18 ms PrepareForBuild                            1 llamadas
      716 ms Link                                       1 llamadas
     2219 ms ClCompile                                  1 llamadas

Compilación correcta.

       "C:\Users\rikir\Desktop\super josexi world 2\AddmusicK Source Code\AddmusicK\AddmusicK.vcxproj" (Build destino) (1) ->
       (CheckWindowsSDK71A destino) -> 
         C:\Program Files (x86)\Microsoft Visual Studio\2017\Community\Common7\IDE\VC\VCTargets\Platforms\Win32\PlatformToolsets\v141_xp\Toolset.targets(39,5): warning MSB8051: Windows XP como opción de destino está en desuso y no se incluirá en las próximas versiones de Visual Studio. Consulte https://go.microsoft.com/fwlink/?linkid=2023588 para obtener más información.


       "C:\Users\rikir\Desktop\super josexi world 2\AddmusicK Source Code\AddmusicK\AddmusicK.vcxproj" (Build destino) (1) ->
       (ClCompile destino) -> 
         cl : Línea de comandos warning D9035: La opción 'Gm' está desusada y se quitará en próximas versiones
         c:\users\rikir\desktop\super josexi world 2\addmusick source code\addmusick\addmusick.cpp(90): warning C4018: '<': no coinciden signed/unsigned
         c:\users\rikir\desktop\super josexi world 2\addmusick source code\addmusick\addmusick.cpp(230): warning C4018: '<': no coinciden signed/unsigned
         c:\users\rikir\desktop\super josexi world 2\addmusick source code\addmusick\addmusick.cpp(124): warning C4996: 'freopen': This function or variable may be unsafe. Consider using freopen_s instead. To disable deprecation, use _CRT_SECURE_NO_WARNINGS. See online help for details.
         c:\users\rikir\desktop\super josexi world 2\addmusick source code\addmusick\addmusick.cpp(125): warning C4996: 'freopen': This function or variable may be unsafe. Consider using freopen_s instead. To disable deprecation, use _CRT_SECURE_NO_WARNINGS. See online help for details.
         c:\users\rikir\desktop\super josexi world 2\addmusick source code\addmusick\addmusick.cpp(1242): warning C4018: '<': no coinciden signed/unsigned
         c:\users\rikir\desktop\super josexi world 2\addmusick source code\addmusick\addmusick.cpp(1399): warning C4102: 'end2': etiqueta sin referencia
         c:\users\rikir\desktop\super josexi world 2\addmusick source code\addmusick\addmusick.cpp(1469): warning C4018: '<=': no coinciden signed/unsigned
         c:\users\rikir\desktop\super josexi world 2\addmusick source code\addmusick\addmusick.cpp(1583): warning C4996: 'localtime': This function or variable may be unsafe. Consider using localtime_s instead. To disable deprecation, use _CRT_SECURE_NO_WARNINGS. See online help for details.
         c:\users\rikir\desktop\super josexi world 2\addmusick source code\addmusick\addmusick.cpp(1584): warning C4996: 'strncpy': This function or variable may be unsafe. Consider using strncpy_s instead. To disable deprecation, use _CRT_SECURE_NO_WARNINGS. See online help for details.
         c:\users\rikir\desktop\super josexi world 2\addmusick source code\addmusick\addmusick.cpp(1411): warning C4101: 'i': variable local sin referencia
         c:\users\rikir\desktop\super josexi world 2\addmusick source code\addmusick\addmusick.cpp(1726): warning C4018: '<': no coinciden signed/unsigned
         c:\users\rikir\desktop\super josexi world 2\addmusick source code\addmusick\addmusick.cpp(1738): warning C4267: '=': conversión de 'size_t' a '_Ty'; posible pérdida de datos
         c:\users\rikir\desktop\super josexi world 2\addmusick source code\addmusick\addmusick.cpp(1741): warning C4267: '=': conversión de 'size_t' a '_Ty'; posible pérdida de datos
         c:\users\rikir\desktop\super josexi world 2\addmusick source code\addmusick\addmusick.cpp(1744): warning C4267: '=': conversión de 'size_t' a '_Ty'; posible pérdida de datos
         c:\users\rikir\desktop\super josexi world 2\addmusick source code\addmusick\addmusick.cpp(1938): warning C4996: 'strcpy': This function or variable may be unsafe. Consider using strcpy_s instead. To disable deprecation, use _CRT_SECURE_NO_WARNINGS. See online help for details.
         c:\users\rikir\desktop\super josexi world 2\addmusick source code\addmusick\addmusick.cpp(2005): warning C4834: se descarta el valor devuelto de la función con el atributo "nodiscard"
         c:\users\rikir\desktop\super josexi world 2\addmusick source code\addmusick\addmusick.cpp(2011): warning C4834: se descarta el valor devuelto de la función con el atributo "nodiscard"
         c:\users\rikir\desktop\super josexi world 2\addmusick source code\addmusick\addmusick.cpp(2107): warning C4018: '>=': no coinciden signed/unsigned

    20 Advertencia(s)
    0 Errores

Tiempo transcurrido 00:00:03.01
